#
# A fatal error has been detected by the Java Runtime Environment:
#
#  EXCEPTION_ACCESS_VIOLATION (0xc0000005) at pc=0x0000000051e77ade, pid=4316, tid=0x00000000000021a4
#
# JRE version: Java(TM) SE Runtime Environment (8.0_181-b13) (build 1.8.0_181-b13)
# Java VM: Java HotSpot(TM) 64-Bit Server VM (25.181-b13 mixed mode windows-amd64 compressed oops)
# Problematic frame:
# V  [jvm.dll+0x3e7ade]
#
# Failed to write core dump. Minidumps are not enabled by default on client versions of Windows
#
# If you would like to submit a bug report, please visit:
#   http://bugreport.java.com/bugreport/crash.jsp
#

---------------  T H R E A D  ---------------

Current thread (0x00000000027ae800):  GCTaskThread [stack: 0x0000000011f50000,0x0000000012050000] [id=8612]

siginfo: ExceptionCode=0xc0000005, reading address 0x0000000000400010

Registers:
RAX=0x00000000520dee18, RBX=0x00000000194c8b90, RCX=0x00000000187df280, RDX=0x000000000000164e
RSP=0x000000001204f750, RBP=0x0000000000000000, RSI=0x00000000187df200, RDI=0x0000000000400000
R8 =0x000000001864e6e0, R9 =0x00000000c01ce968, R10=0x00000000027a4b40, R11=0x00000000058e3542
R12=0x000000000000064e, R13=0x0000000000000000, R14=0x000000000000000c, R15=0x0000000000000000
RIP=0x0000000051e77ade, EFLAGS=0x0000000000010202

Top of Stack: (sp=0x000000001204f750)
0x000000001204f750:   0000000000000000 0000000051ca7833
0x000000001204f760:   0000000000000000 000000001204f5d0
0x000000001204f770:   0000000000000800 0000000000000000
0x000000001204f780:   0000000000000000 00000000187df200
0x000000001204f790:   0000000000000800 0000000051e77f93
0x000000001204f7a0:   0000000000000200 0000000000000000
0x000000001204f7b0:   0000000000000800 0000000000000600
0x000000001204f7c0:   0000000000000000 0000000000000000
0x000000001204f7d0:   0000000000000000 00000000027ae800
0x000000001204f7e0:   00000000187df1f0 0000000051e75a70
0x000000001204f7f0:   0000000000000001 00000000027918d0
0x000000001204f800:   0000000000000000 0000000051ca7f75
0x000000001204f810:   4044cba93b2aa7d7 000000000000001a
0x000000001204f820:   000000000279efe0 0000000000000000
0x000000001204f830:   00000000187df1f0 0000000051d111b0
0x000000001204f840:   0000000000000001 0000000000000012 

Instructions: (pc=0x0000000051e77ade)
0x0000000051e77abe:   4a 8d 1c e2 0f 84 72 01 00 00 41 be 0c 00 00 00
0x0000000051e77ace:   66 90 48 8b 0e 48 8b 3b 48 85 c9 74 6f 48 8b 01
0x0000000051e77ade:   48 8b 57 10 ff 10 84 c0 75 62 4c 8b 03 49 8b d5
0x0000000051e77aee:   49 8b 00 48 c1 e2 06 48 89 03 4c 8b 0d f1 ad 43 


Register to memory mapping:

RAX=0x00000000520dee18 is an unknown value
RBX=0x00000000194c8b90 is an unknown value
RCX=0x00000000187df280 is an unknown value
RDX=0x000000000000164e is an unknown value
RSP=0x000000001204f750 is an unknown value
RBP=0x0000000000000000 is an unknown value
RSI=0x00000000187df200 is an unknown value
RDI=0x0000000000400000 is an unknown value
R8 =0x000000001864e6e0 is an unknown value
R9 =0x00000000c01ce968 is an oop
[C 
 - klass: {type array char}
 - length: 13
R10=0x00000000027a4b40 is an unknown value
R11=0x00000000058e3542 is an unknown value
R12=0x000000000000064e is an unknown value
R13=0x0000000000000000 is an unknown value
R14=0x000000000000000c is an unknown value
R15=0x0000000000000000 is an unknown value


Stack: [0x0000000011f50000,0x0000000012050000],  sp=0x000000001204f750,  free space=1021k
Native frames: (J=compiled Java code, j=interpreted, Vv=VM code, C=native code)


---------------  P R O C E S S  ---------------

Java Threads: ( => current thread )
  0x000000001a4ec800 JavaThread "Java indexing" daemon [_thread_blocked, id=10332, stack(0x000000001d2c0000,0x000000001d3c0000)]
  0x0000000018665000 JavaThread "Worker-2" [_thread_blocked, id=3876, stack(0x000000001cdc0000,0x000000001cec0000)]
  0x0000000019762800 JavaThread "Worker-1" [_thread_blocked, id=9040, stack(0x000000001ccc0000,0x000000001cdc0000)]
  0x000000001a5fd000 JavaThread "Worker-0: Refreshing workspace" [_thread_blocked, id=2480, stack(0x000000001b990000,0x000000001ba90000)]
  0x00000000193d4800 JavaThread "Worker-JM" [_thread_blocked, id=8484, stack(0x000000001b250000,0x000000001b350000)]
  0x000000001a31b000 JavaThread "Start Level: Equinox Container: 02b19a14-f172-453b-bd75-38405a28e6f4" daemon [_thread_blocked, id=6328, stack(0x000000001b150000,0x000000001b250000)]
  0x000000001a3d1800 JavaThread "Framework Event Dispatcher: Equinox Container: 02b19a14-f172-453b-bd75-38405a28e6f4" daemon [_thread_blocked, id=8476, stack(0x000000001af30000,0x000000001b030000)]
  0x00000000185a3000 JavaThread "Active Thread: Equinox Container: 02b19a14-f172-453b-bd75-38405a28e6f4" [_thread_blocked, id=11188, stack(0x000000001ae30000,0x000000001af30000)]
  0x000000001848a800 JavaThread "Service Thread" daemon [_thread_blocked, id=10276, stack(0x0000000018fe0000,0x00000000190e0000)]
  0x0000000018420800 JavaThread "C1 CompilerThread2" daemon [_thread_blocked, id=6212, stack(0x0000000018ee0000,0x0000000018fe0000)]
  0x000000001841f800 JavaThread "C2 CompilerThread1" daemon [_thread_blocked, id=10920, stack(0x0000000018de0000,0x0000000018ee0000)]
  0x000000001841e800 JavaThread "C2 CompilerThread0" daemon [_thread_blocked, id=2164, stack(0x0000000018ce0000,0x0000000018de0000)]
  0x000000001841d800 JavaThread "Attach Listener" daemon [_thread_blocked, id=6396, stack(0x0000000018be0000,0x0000000018ce0000)]
  0x000000001841a800 JavaThread "Signal Dispatcher" daemon [_thread_blocked, id=6092, stack(0x0000000018ae0000,0x0000000018be0000)]
  0x0000000018418800 JavaThread "Surrogate Locker Thread (Concurrent GC)" daemon [_thread_blocked, id=8848, stack(0x00000000189e0000,0x0000000018ae0000)]
  0x00000000183b1800 JavaThread "Finalizer" daemon [_thread_blocked, id=1124, stack(0x00000000188e0000,0x00000000189e0000)]
  0x00000000183ac000 JavaThread "Reference Handler" daemon [_thread_blocked, id=2144, stack(0x00000000187e0000,0x00000000188e0000)]
  0x0000000002792800 JavaThread "main" [_thread_blocked, id=7264, stack(0x0000000002690000,0x0000000002790000)]

Other Threads:
  0x00000000183a8800 VMThread [stack: 0x00000000186e0000,0x00000000187e0000] [id=5496]
  0x000000001849a800 WatcherThread [stack: 0x00000000190e0000,0x00000000191e0000] [id=11068]

=>0x00000000027ae800 (exited) GCTaskThread [stack: 0x0000000011f50000,0x0000000012050000] [id=8612]

VM state:at safepoint (normal execution)

VM Mutex/Monitor currently owned by a thread:  ([mutex/lock_event])
[0x00000000027919d0] Threads_lock - owner thread: 0x00000000183a8800
[0x0000000002790d50] Heap_lock - owner thread: 0x000000001a31b000

Heap:
 garbage-first heap   total 131072K, used 57504K [0x00000000c0000000, 0x00000000c0100400, 0x0000000100000000)
  region size 1024K, 48 young (49152K), 3 survivors (3072K)
 Metaspace       used 20319K, capacity 21170K, committed 21296K, reserved 1069056K
  class space    used 2080K, capacity 2380K, committed 2432K, reserved 1048576K

Heap Regions: (Y=young(eden), SU=young(survivor), HS=humongous(starts), HC=humongous(continues), CS=collection set, F=free, TS=gc time stamp, PTAMS=previous top-at-mark-start, NTAMS=next top-at-mark-start)
AC   0  O    TS     1 PTAMS 0x00000000c0000000 NTAMS 0x00000000c0100000 space 1024K, 100% used [0x00000000c0000000, 0x00000000c0100000)
AC   0  O    TS     3 PTAMS 0x00000000c0100000 NTAMS 0x00000000c0200000 space 1024K, 100% used [0x00000000c0100000, 0x00000000c0200000)
AC   0  O    TS     3 PTAMS 0x00000000c0200000 NTAMS 0x00000000c0300000 space 1024K, 100% used [0x00000000c0200000, 0x00000000c0300000)
AC   0  O    TS     5 PTAMS 0x00000000c0300000 NTAMS 0x00000000c0400000 space 1024K, 100% used [0x00000000c0300000, 0x00000000c0400000)
AC   0  O    TS     5 PTAMS 0x00000000c0400000 NTAMS 0x00000000c0500000 space 1024K, 100% used [0x00000000c0400000, 0x00000000c0500000)
AC   0  O    TS     5 PTAMS 0x00000000c0500000 NTAMS 0x00000000c0600000 space 1024K, 100% used [0x00000000c0500000, 0x00000000c0600000)
AC   0  O    TS     5 PTAMS 0x00000000c0600000 NTAMS 0x00000000c0700000 space 1024K, 100% used [0x00000000c0600000, 0x00000000c0700000)
AC   0  O    TS     5 PTAMS 0x00000000c0700000 NTAMS 0x00000000c0800000 space 1024K, 100% used [0x00000000c0700000, 0x00000000c0800000)
AC   0  O    TS     7 PTAMS 0x00000000c0800000 NTAMS 0x00000000c0900000 space 1024K, 100% used [0x00000000c0800000, 0x00000000c0900000)
AC   0  O    TS     7 PTAMS 0x00000000c0900000 NTAMS 0x00000000c0a00000 space 1024K, 100% used [0x00000000c0900000, 0x00000000c0a00000)
AC   0  O    TS     7 PTAMS 0x00000000c0a00000 NTAMS 0x00000000c0b00000 space 1024K,  55% used [0x00000000c0a00000, 0x00000000c0b00000)
AC   0  F    TS     0 PTAMS 0x00000000c0b00000 NTAMS 0x00000000c0b00000 space 1024K,   0% used [0x00000000c0b00000, 0x00000000c0c00000)
AC   0  F    TS     0 PTAMS 0x00000000c0c00000 NTAMS 0x00000000c0c00000 space 1024K,   0% used [0x00000000c0c00000, 0x00000000c0d00000)
AC   0  F    TS     0 PTAMS 0x00000000c0d00000 NTAMS 0x00000000c0d00000 space 1024K,   0% used [0x00000000c0d00000, 0x00000000c0e00000)
AC   0  F    TS     0 PTAMS 0x00000000c0e00000 NTAMS 0x00000000c0e00000 space 1024K,   0% used [0x00000000c0e00000, 0x00000000c0f00000)
AC   0  F    TS     0 PTAMS 0x00000000c0f00000 NTAMS 0x00000000c0f00000 space 1024K,   0% used [0x00000000c0f00000, 0x00000000c1000000)
AC   0  F    TS     0 PTAMS 0x00000000c1000000 NTAMS 0x00000000c1000000 space 1024K,   0% used [0x00000000c1000000, 0x00000000c1100000)
AC   0  F    TS     0 PTAMS 0x00000000c1100000 NTAMS 0x00000000c1100000 space 1024K,   0% used [0x00000000c1100000, 0x00000000c1200000)
AC   0  F    TS     0 PTAMS 0x00000000c1200000 NTAMS 0x00000000c1200000 space 1024K,   0% used [0x00000000c1200000, 0x00000000c1300000)
AC   0  F    TS     0 PTAMS 0x00000000c1300000 NTAMS 0x00000000c1300000 space 1024K,   0% used [0x00000000c1300000, 0x00000000c1400000)
AC   0  F    TS     0 PTAMS 0x00000000c1400000 NTAMS 0x00000000c1400000 space 1024K,   0% used [0x00000000c1400000, 0x00000000c1500000)
AC   0  F    TS     0 PTAMS 0x00000000c1500000 NTAMS 0x00000000c1500000 space 1024K,   0% used [0x00000000c1500000, 0x00000000c1600000)
AC   0  F    TS     0 PTAMS 0x00000000c1600000 NTAMS 0x00000000c1600000 space 1024K,   0% used [0x00000000c1600000, 0x00000000c1700000)
AC   0  F    TS     0 PTAMS 0x00000000c1700000 NTAMS 0x00000000c1700000 space 1024K,   0% used [0x00000000c1700000, 0x00000000c1800000)
AC   0  F    TS     0 PTAMS 0x00000000c1800000 NTAMS 0x00000000c1800000 space 1024K,   0% used [0x00000000c1800000, 0x00000000c1900000)
AC   0  F    TS     0 PTAMS 0x00000000c1900000 NTAMS 0x00000000c1900000 space 1024K,   0% used [0x00000000c1900000, 0x00000000c1a00000)
AC   0  F    TS     0 PTAMS 0x00000000c1a00000 NTAMS 0x00000000c1a00000 space 1024K,   0% used [0x00000000c1a00000, 0x00000000c1b00000)
AC   0  F    TS     0 PTAMS 0x00000000c1b00000 NTAMS 0x00000000c1b00000 space 1024K,   0% used [0x00000000c1b00000, 0x00000000c1c00000)
AC   0  F    TS     0 PTAMS 0x00000000c1c00000 NTAMS 0x00000000c1c00000 space 1024K,   0% used [0x00000000c1c00000, 0x00000000c1d00000)
AC   0  F    TS     0 PTAMS 0x00000000c1d00000 NTAMS 0x00000000c1d00000 space 1024K,   0% used [0x00000000c1d00000, 0x00000000c1e00000)
AC   0  F    TS     0 PTAMS 0x00000000c1e00000 NTAMS 0x00000000c1e00000 space 1024K,   0% used [0x00000000c1e00000, 0x00000000c1f00000)
AC   0  F    TS     0 PTAMS 0x00000000c1f00000 NTAMS 0x00000000c1f00000 space 1024K,   0% used [0x00000000c1f00000, 0x00000000c2000000)
AC   0  F    TS     0 PTAMS 0x00000000c2000000 NTAMS 0x00000000c2000000 space 1024K,   0% used [0x00000000c2000000, 0x00000000c2100000)
AC   0  F    TS     0 PTAMS 0x00000000c2100000 NTAMS 0x00000000c2100000 space 1024K,   0% used [0x00000000c2100000, 0x00000000c2200000)
AC   0  F    TS     0 PTAMS 0x00000000c2200000 NTAMS 0x00000000c2200000 space 1024K,   0% used [0x00000000c2200000, 0x00000000c2300000)
AC   0  F    TS     0 PTAMS 0x00000000c2300000 NTAMS 0x00000000c2300000 space 1024K,   0% used [0x00000000c2300000, 0x00000000c2400000)
AC   0  F    TS     0 PTAMS 0x00000000c2400000 NTAMS 0x00000000c2400000 space 1024K,   0% used [0x00000000c2400000, 0x00000000c2500000)
AC   0  F    TS     0 PTAMS 0x00000000c2500000 NTAMS 0x00000000c2500000 space 1024K,   0% used [0x00000000c2500000, 0x00000000c2600000)
AC   0  F    TS     0 PTAMS 0x00000000c2600000 NTAMS 0x00000000c2600000 space 1024K,   0% used [0x00000000c2600000, 0x00000000c2700000)
AC   0  F    TS     0 PTAMS 0x00000000c2700000 NTAMS 0x00000000c2700000 space 1024K,   0% used [0x00000000c2700000, 0x00000000c2800000)
AC   0  F    TS     0 PTAMS 0x00000000c2800000 NTAMS 0x00000000c2800000 space 1024K,   0% used [0x00000000c2800000, 0x00000000c2900000)
AC   0  F    TS     0 PTAMS 0x00000000c2900000 NTAMS 0x00000000c2900000 space 1024K,   0% used [0x00000000c2900000, 0x00000000c2a00000)
AC   0  F    TS     0 PTAMS 0x00000000c2a00000 NTAMS 0x00000000c2a00000 space 1024K,   0% used [0x00000000c2a00000, 0x00000000c2b00000)
AC   0  F    TS     0 PTAMS 0x00000000c2b00000 NTAMS 0x00000000c2b00000 space 1024K,   0% used [0x00000000c2b00000, 0x00000000c2c00000)
AC   0  F    TS     0 PTAMS 0x00000000c2c00000 NTAMS 0x00000000c2c00000 space 1024K,   0% used [0x00000000c2c00000, 0x00000000c2d00000)
AC   0  F    TS     0 PTAMS 0x00000000c2d00000 NTAMS 0x00000000c2d00000 space 1024K,   0% used [0x00000000c2d00000, 0x00000000c2e00000)
AC   0  F    TS     0 PTAMS 0x00000000c2e00000 NTAMS 0x00000000c2e00000 space 1024K,   0% used [0x00000000c2e00000, 0x00000000c2f00000)
AC   0  F    TS     0 PTAMS 0x00000000c2f00000 NTAMS 0x00000000c2f00000 space 1024K,   0% used [0x00000000c2f00000, 0x00000000c3000000)
AC   0  F    TS     0 PTAMS 0x00000000c3000000 NTAMS 0x00000000c3000000 space 1024K,   0% used [0x00000000c3000000, 0x00000000c3100000)
AC   0  F    TS     0 PTAMS 0x00000000c3100000 NTAMS 0x00000000c3100000 space 1024K,   0% used [0x00000000c3100000, 0x00000000c3200000)
AC   0  F    TS     0 PTAMS 0x00000000c3200000 NTAMS 0x00000000c3200000 space 1024K,   0% used [0x00000000c3200000, 0x00000000c3300000)
AC   0  F    TS     0 PTAMS 0x00000000c3300000 NTAMS 0x00000000c3300000 space 1024K,   0% used [0x00000000c3300000, 0x00000000c3400000)
AC   0  F    TS     0 PTAMS 0x00000000c3400000 NTAMS 0x00000000c3400000 space 1024K,   0% used [0x00000000c3400000, 0x00000000c3500000)
AC   0  F    TS     0 PTAMS 0x00000000c3500000 NTAMS 0x00000000c3500000 space 1024K,   0% used [0x00000000c3500000, 0x00000000c3600000)
AC   0  F    TS     0 PTAMS 0x00000000c3600000 NTAMS 0x00000000c3600000 space 1024K,   0% used [0x00000000c3600000, 0x00000000c3700000)
AC   0  F    TS     0 PTAMS 0x00000000c3700000 NTAMS 0x00000000c3700000 space 1024K,   0% used [0x00000000c3700000, 0x00000000c3800000)
AC   0  F    TS     0 PTAMS 0x00000000c3800000 NTAMS 0x00000000c3800000 space 1024K,   0% used [0x00000000c3800000, 0x00000000c3900000)
AC   0  F    TS     0 PTAMS 0x00000000c3900000 NTAMS 0x00000000c3900000 space 1024K,   0% used [0x00000000c3900000, 0x00000000c3a00000)
AC   0  F    TS     0 PTAMS 0x00000000c3a00000 NTAMS 0x00000000c3a00000 space 1024K,   0% used [0x00000000c3a00000, 0x00000000c3b00000)
AC   0  F    TS     0 PTAMS 0x00000000c3b00000 NTAMS 0x00000000c3b00000 space 1024K,   0% used [0x00000000c3b00000, 0x00000000c3c00000)
AC   0  F    TS     0 PTAMS 0x00000000c3c00000 NTAMS 0x00000000c3c00000 space 1024K,   0% used [0x00000000c3c00000, 0x00000000c3d00000)
AC   0  F    TS     0 PTAMS 0x00000000c3d00000 NTAMS 0x00000000c3d00000 space 1024K,   0% used [0x00000000c3d00000, 0x00000000c3e00000)
AC   0  F    TS     0 PTAMS 0x00000000c3e00000 NTAMS 0x00000000c3e00000 space 1024K,   0% used [0x00000000c3e00000, 0x00000000c3f00000)
AC   0  F    TS     0 PTAMS 0x00000000c3f00000 NTAMS 0x00000000c3f00000 space 1024K,   0% used [0x00000000c3f00000, 0x00000000c4000000)
AC   0  F    TS     0 PTAMS 0x00000000c4000000 NTAMS 0x00000000c4000000 space 1024K,   0% used [0x00000000c4000000, 0x00000000c4100000)
AC   0  F    TS     0 PTAMS 0x00000000c4100000 NTAMS 0x00000000c4100000 space 1024K,   0% used [0x00000000c4100000, 0x00000000c4200000)
AC   0  F    TS     0 PTAMS 0x00000000c4200000 NTAMS 0x00000000c4200000 space 1024K,   0% used [0x00000000c4200000, 0x00000000c4300000)
AC   0  F    TS     0 PTAMS 0x00000000c4300000 NTAMS 0x00000000c4300000 space 1024K,   0% used [0x00000000c4300000, 0x00000000c4400000)
AC   0  F    TS     0 PTAMS 0x00000000c4400000 NTAMS 0x00000000c4400000 space 1024K,   0% used [0x00000000c4400000, 0x00000000c4500000)
AC   0  F    TS     0 PTAMS 0x00000000c4500000 NTAMS 0x00000000c4500000 space 1024K,   0% used [0x00000000c4500000, 0x00000000c4600000)
AC   0  S    TS     7 PTAMS 0x00000000c4600000 NTAMS 0x00000000c4600000 space 1024K, 100% used [0x00000000c4600000, 0x00000000c4700000)
AC   0  S    TS     7 PTAMS 0x00000000c4700000 NTAMS 0x00000000c4700000 space 1024K, 100% used [0x00000000c4700000, 0x00000000c4800000)
AC   0  S    TS     7 PTAMS 0x00000000c4800000 NTAMS 0x00000000c4800000 space 1024K, 100% used [0x00000000c4800000, 0x00000000c4900000)
AC   0  S    TS     7 PTAMS 0x00000000c4900000 NTAMS 0x00000000c4900000 space 1024K, 100% used [0x00000000c4900000, 0x00000000c4a00000)
AC   0  S    TS     7 PTAMS 0x00000000c4a00000 NTAMS 0x00000000c4a00000 space 1024K, 100% used [0x00000000c4a00000, 0x00000000c4b00000)
AC   0  S    TS     7 PTAMS 0x00000000c4b00000 NTAMS 0x00000000c4b00000 space 1024K, 100% used [0x00000000c4b00000, 0x00000000c4c00000)
AC   0  S    TS     7 PTAMS 0x00000000c4c00000 NTAMS 0x00000000c4c00000 space 1024K, 100% used [0x00000000c4c00000, 0x00000000c4d00000)
AC   0  S    TS     7 PTAMS 0x00000000c4d00000 NTAMS 0x00000000c4d00000 space 1024K, 100% used [0x00000000c4d00000, 0x00000000c4e00000)
AC   0  S    TS     7 PTAMS 0x00000000c4e00000 NTAMS 0x00000000c4e00000 space 1024K, 100% used [0x00000000c4e00000, 0x00000000c4f00000)
AC   0  S    TS     7 PTAMS 0x00000000c4f00000 NTAMS 0x00000000c4f00000 space 1024K, 100% used [0x00000000c4f00000, 0x00000000c5000000)
AC   0  E CS TS     0 PTAMS 0x00000000c5000000 NTAMS 0x00000000c50807f8 space 1024K,  50% used [0x00000000c5000000, 0x00000000c5100000)
AC   0  E CS TS     0 PTAMS 0x00000000c5100000 NTAMS 0x00000000c5200000 space 1024K, 100% used [0x00000000c5100000, 0x00000000c5200000)
AC   0  E CS TS     0 PTAMS 0x00000000c5200000 NTAMS 0x00000000c5300000 space 1024K, 100% used [0x00000000c5200000, 0x00000000c5300000)
AC   0  E CS TS     0 PTAMS 0x00000000c5300000 NTAMS 0x00000000c5400000 space 1024K, 100% used [0x00000000c5300000, 0x00000000c5400000)
AC   0  E CS TS     0 PTAMS 0x00000000c5400000 NTAMS 0x00000000c5500000 space 1024K, 100% used [0x00000000c5400000, 0x00000000c5500000)
AC   0  E CS TS     0 PTAMS 0x00000000c5500000 NTAMS 0x00000000c5600000 space 1024K, 100% used [0x00000000c5500000, 0x00000000c5600000)
AC   0  E CS TS     0 PTAMS 0x00000000c5600000 NTAMS 0x00000000c5700000 space 1024K, 100% used [0x00000000c5600000, 0x00000000c5700000)
AC   0  E CS TS     0 PTAMS 0x00000000c5700000 NTAMS 0x00000000c5800000 space 1024K, 100% used [0x00000000c5700000, 0x00000000c5800000)
AC   0  E CS TS     0 PTAMS 0x00000000c5800000 NTAMS 0x00000000c5900000 space 1024K, 100% used [0x00000000c5800000, 0x00000000c5900000)
AC   0  E CS TS     0 PTAMS 0x00000000c5900000 NTAMS 0x00000000c5a00000 space 1024K, 100% used [0x00000000c5900000, 0x00000000c5a00000)
AC   0  E CS TS     0 PTAMS 0x00000000c5a00000 NTAMS 0x00000000c5b00000 space 1024K, 100% used [0x00000000c5a00000, 0x00000000c5b00000)
AC   0  E CS TS     0 PTAMS 0x00000000c5b00000 NTAMS 0x00000000c5c00000 space 1024K, 100% used [0x00000000c5b00000, 0x00000000c5c00000)
AC   0  E CS TS     0 PTAMS 0x00000000c5c00000 NTAMS 0x00000000c5d00000 space 1024K, 100% used [0x00000000c5c00000, 0x00000000c5d00000)
AC   0  E CS TS     0 PTAMS 0x00000000c5d00000 NTAMS 0x00000000c5e00000 space 1024K, 100% used [0x00000000c5d00000, 0x00000000c5e00000)
AC   0  E CS TS     0 PTAMS 0x00000000c5e00000 NTAMS 0x00000000c5f00000 space 1024K, 100% used [0x00000000c5e00000, 0x00000000c5f00000)
AC   0  E CS TS     0 PTAMS 0x00000000c5f00000 NTAMS 0x00000000c6000000 space 1024K, 100% used [0x00000000c5f00000, 0x00000000c6000000)
AC   0  E CS TS     0 PTAMS 0x00000000c6000000 NTAMS 0x00000000c6100000 space 1024K, 100% used [0x00000000c6000000, 0x00000000c6100000)
AC   0  E CS TS     0 PTAMS 0x00000000c6100000 NTAMS 0x00000000c6200000 space 1024K, 100% used [0x00000000c6100000, 0x00000000c6200000)
AC   0  E CS TS     0 PTAMS 0x00000000c6200000 NTAMS 0x00000000c6300000 space 1024K, 100% used [0x00000000c6200000, 0x00000000c6300000)
AC   0  E CS TS     0 PTAMS 0x00000000c6300000 NTAMS 0x00000000c6400000 space 1024K, 100% used [0x00000000c6300000, 0x00000000c6400000)
AC   0  E CS TS     0 PTAMS 0x00000000c6400000 NTAMS 0x00000000c6500000 space 1024K, 100% used [0x00000000c6400000, 0x00000000c6500000)
AC   0  E CS TS     0 PTAMS 0x00000000c6500000 NTAMS 0x00000000c6600000 space 1024K, 100% used [0x00000000c6500000, 0x00000000c6600000)
AC   0  E CS TS     0 PTAMS 0x00000000c6600000 NTAMS 0x00000000c6700000 space 1024K, 100% used [0x00000000c6600000, 0x00000000c6700000)
AC   0  E CS TS     5 PTAMS 0x00000000c6700000 NTAMS 0x00000000c6800000 space 1024K, 100% used [0x00000000c6700000, 0x00000000c6800000)
AC   0  E CS TS     5 PTAMS 0x00000000c6800000 NTAMS 0x00000000c6900000 space 1024K, 100% used [0x00000000c6800000, 0x00000000c6900000)
AC   0  E CS TS     5 PTAMS 0x00000000c6900000 NTAMS 0x00000000c6a00000 space 1024K, 100% used [0x00000000c6900000, 0x00000000c6a00000)
AC   0  E CS TS     0 PTAMS 0x00000000c6a00000 NTAMS 0x00000000c6b00000 space 1024K, 100% used [0x00000000c6a00000, 0x00000000c6b00000)
AC   0  E CS TS     0 PTAMS 0x00000000c6b00000 NTAMS 0x00000000c6c00000 space 1024K, 100% used [0x00000000c6b00000, 0x00000000c6c00000)
AC   0  E CS TS     0 PTAMS 0x00000000c6c00000 NTAMS 0x00000000c6d00000 space 1024K, 100% used [0x00000000c6c00000, 0x00000000c6d00000)
AC   0  E CS TS     0 PTAMS 0x00000000c6d00000 NTAMS 0x00000000c6e00000 space 1024K, 100% used [0x00000000c6d00000, 0x00000000c6e00000)
AC   0  E CS TS     0 PTAMS 0x00000000c6e00000 NTAMS 0x00000000c6f00000 space 1024K, 100% used [0x00000000c6e00000, 0x00000000c6f00000)
AC   0  E CS TS     0 PTAMS 0x00000000c6f00000 NTAMS 0x00000000c7000000 space 1024K, 100% used [0x00000000c6f00000, 0x00000000c7000000)
AC   0  E CS TS     0 PTAMS 0x00000000c7000000 NTAMS 0x00000000c7100000 space 1024K, 100% used [0x00000000c7000000, 0x00000000c7100000)
AC   0  E CS TS     0 PTAMS 0x00000000c7100000 NTAMS 0x00000000c7200000 space 1024K, 100% used [0x00000000c7100000, 0x00000000c7200000)
AC   0  E CS TS     0 PTAMS 0x00000000c7200000 NTAMS 0x00000000c7300000 space 1024K, 100% used [0x00000000c7200000, 0x00000000c7300000)
AC   0  E CS TS     0 PTAMS 0x00000000c7300000 NTAMS 0x00000000c7400000 space 1024K, 100% used [0x00000000c7300000, 0x00000000c7400000)
AC   0  E CS TS     0 PTAMS 0x00000000c7400000 NTAMS 0x00000000c7500000 space 1024K, 100% used [0x00000000c7400000, 0x00000000c7500000)
AC   0  E CS TS     0 PTAMS 0x00000000c7500000 NTAMS 0x00000000c7600000 space 1024K, 100% used [0x00000000c7500000, 0x00000000c7600000)
AC   0  E CS TS     0 PTAMS 0x00000000c7600000 NTAMS 0x00000000c7700000 space 1024K, 100% used [0x00000000c7600000, 0x00000000c7700000)
AC   0  E CS TS     0 PTAMS 0x00000000c7700000 NTAMS 0x00000000c7800000 space 1024K, 100% used [0x00000000c7700000, 0x00000000c7800000)
AC   0  E CS TS     3 PTAMS 0x00000000c7800000 NTAMS 0x00000000c7900000 space 1024K, 100% used [0x00000000c7800000, 0x00000000c7900000)
AC   0  E CS TS     1 PTAMS 0x00000000c7900000 NTAMS 0x00000000c7a00000 space 1024K, 100% used [0x00000000c7900000, 0x00000000c7a00000)
AC   0  E CS TS     0 PTAMS 0x00000000c7a00000 NTAMS 0x00000000c7b00000 space 1024K, 100% used [0x00000000c7a00000, 0x00000000c7b00000)
AC   0  E CS TS     0 PTAMS 0x00000000c7b00000 NTAMS 0x00000000c7c00000 space 1024K, 100% used [0x00000000c7b00000, 0x00000000c7c00000)
AC   0  E CS TS     0 PTAMS 0x00000000c7c00000 NTAMS 0x00000000c7d00000 space 1024K, 100% used [0x00000000c7c00000, 0x00000000c7d00000)
AC   0  E CS TS     0 PTAMS 0x00000000c7d00000 NTAMS 0x00000000c7e00000 space 1024K, 100% used [0x00000000c7d00000, 0x00000000c7e00000)
AC   0  E CS TS     0 PTAMS 0x00000000c7e00000 NTAMS 0x00000000c7f00000 space 1024K, 100% used [0x00000000c7e00000, 0x00000000c7f00000)
AC   0  E CS TS     0 PTAMS 0x00000000c7f00000 NTAMS 0x00000000c8000000 space 1024K, 100% used [0x00000000c7f00000, 0x00000000c8000000)

Card table byte_map: [0x0000000012d90000,0x0000000012f90000] byte_map_base: 0x0000000012790000

Marking Bits (Prev, Next): (CMBitMap*) 0x00000000027c7b08, (CMBitMap*) 0x00000000027c7b60
 Prev Bits: [0x0000000013190000, 0x0000000014190000)
 Next Bits: [0x0000000014190000, 0x0000000015190000)

Polling page: 0x0000000000c60000

CodeCache: size=245760Kb used=6757Kb max_used=6757Kb free=239002Kb
 bounds [0x0000000002890000, 0x0000000002f40000, 0x0000000011890000]
 total_blobs=2332 nmethods=1877 adapters=367
 compilation: enabled

Compilation events (10 events):
Event: 41.403 Thread 0x0000000018420800 nmethod 1999 0x0000000002f09950 code [0x0000000002f09ac0, 0x0000000002f09ca8]
Event: 41.404 Thread 0x0000000018420800 2000       3       org.codehaus.plexus.util.xml.pull.MXParser::nextText (103 bytes)
Event: 41.408 Thread 0x0000000018420800 nmethod 2000 0x0000000002f17790 code [0x0000000002f17a00, 0x0000000002f186a8]
Event: 41.470 Thread 0x000000001841f800 2001       4       org.codehaus.plexus.util.xml.pull.MXParser::parseEndTag (444 bytes)
Event: 41.480 Thread 0x0000000018420800 2002 %     3       org.codehaus.plexus.util.InterpolationFilterReader::read @ 3 (48 bytes)
Event: 41.482 Thread 0x0000000018420800 nmethod 2002% 0x0000000002f10850 code [0x0000000002f109e0, 0x0000000002f10da8]
Event: 41.482 Thread 0x0000000018420800 2003       3       org.codehaus.plexus.util.InterpolationFilterReader::read (48 bytes)
Event: 41.483 Thread 0x0000000018420800 nmethod 2003 0x0000000002f17110 code [0x0000000002f172a0, 0x0000000002f175e8]
Event: 41.488 Thread 0x0000000018420800 2004       3       org.codehaus.plexus.util.xml.pull.MXParser::require (443 bytes)
Event: 41.512 Thread 0x0000000018420800 nmethod 2004 0x0000000002f29fd0 code [0x0000000002f2a7a0, 0x0000000002f2f9b8]

GC Heap History (7 events):
Event: 19.996 GC heap before
{Heap before GC invocations=0 (full 0):
 garbage-first heap   total 131072K, used 6144K [0x00000000c0000000, 0x00000000c0100400, 0x0000000100000000)
  region size 1024K, 6 young (6144K), 0 survivors (0K)
 Metaspace       used 4933K, capacity 5050K, committed 5248K, reserved 1056768K
  class space    used 526K, capacity 558K, committed 640K, reserved 1048576K
Event: 20.013 GC heap after
Heap after GC invocations=1 (full 0):
 garbage-first heap   total 131072K, used 2304K [0x00000000c0000000, 0x00000000c0100400, 0x0000000100000000)
  region size 1024K, 1 young (1024K), 1 survivors (1024K)
 Metaspace       used 4933K, capacity 5050K, committed 5248K, reserved 1056768K
  class space    used 526K, capacity 558K, committed 640K, reserved 1048576K
}
Event: 22.038 GC heap before
{Heap before GC invocations=1 (full 0):
 garbage-first heap   total 131072K, used 8448K [0x00000000c0000000, 0x00000000c0100400, 0x0000000100000000)
  region size 1024K, 7 young (7168K), 1 survivors (1024K)
 Metaspace       used 5658K, capacity 5772K, committed 6016K, reserved 1056768K
  class space    used 603K, capacity 631K, committed 640K, reserved 1048576K
Event: 22.056 GC heap after
Heap after GC invocations=2 (full 0):
 garbage-first heap   total 131072K, used 4560K [0x00000000c0000000, 0x00000000c0100400, 0x0000000100000000)
  region size 1024K, 1 young (1024K), 1 survivors (1024K)
 Metaspace       used 5658K, capacity 5772K, committed 6016K, reserved 1056768K
  class space    used 603K, capacity 631K, committed 640K, reserved 1048576K
}
Event: 32.125 GC heap before
{Heap before GC invocations=2 (full 0):
 garbage-first heap   total 131072K, used 26064K [0x00000000c0000000, 0x00000000c0100400, 0x0000000100000000)
  region size 1024K, 22 young (22528K), 1 survivors (1024K)
 Metaspace       used 11979K, capacity 12692K, committed 13056K, reserved 1060864K
  class space    used 1229K, capacity 1423K, committed 1536K, reserved 1048576K
Event: 32.174 GC heap after
Heap after GC invocations=3 (full 0):
 garbage-first heap   total 131072K, used 11935K [0x00000000c0000000, 0x00000000c0100400, 0x0000000100000000)
  region size 1024K, 3 young (3072K), 3 survivors (3072K)
 Metaspace       used 11979K, capacity 12692K, committed 13056K, reserved 1060864K
  class space    used 1229K, capacity 1423K, committed 1536K, reserved 1048576K
}
Event: 41.518 GC heap before
{Heap before GC invocations=3 (full 0):
 garbage-first heap   total 131072K, used 56991K [0x00000000c0000000, 0x00000000c0100400, 0x0000000100000000)
  region size 1024K, 48 young (49152K), 3 survivors (3072K)
 Metaspace       used 20319K, capacity 21170K, committed 21296K, reserved 1069056K
  class space    used 2080K, capacity 2380K, committed 2432K, reserved 1048576K

Deoptimization events (10 events):
Event: 39.817 Thread 0x000000001a31b000 Uncommon trap: reason=unstable_if action=reinterpret pc=0x0000000002a4b938 method=java.util.HashMap.getNode(ILjava/lang/Object;)Ljava/util/HashMap$Node; @ 62
Event: 39.969 Thread 0x000000001a31b000 Uncommon trap: reason=unstable_if action=reinterpret pc=0x0000000002abfafc method=java.util.HashMap.getNode(ILjava/lang/Object;)Ljava/util/HashMap$Node; @ 62
Event: 40.344 Thread 0x000000001a31b000 Uncommon trap: reason=range_check action=make_not_entrant pc=0x0000000002ea5420 method=sun.reflect.generics.parser.SignatureParser.current()C @ 34
Event: 40.507 Thread 0x000000001a31b000 Uncommon trap: reason=unstable_if action=reinterpret pc=0x0000000002d8de7c method=java.io.BufferedInputStream.read([BII)I @ 31
Event: 40.850 Thread 0x000000001a31b000 Uncommon trap: reason=unstable_if action=reinterpret pc=0x0000000002ee0c50 method=java.nio.charset.CoderResult.isOverflow()Z @ 5
Event: 41.065 Thread 0x000000001a31b000 Uncommon trap: reason=unstable_if action=reinterpret pc=0x0000000002e7da5c method=java.util.ArrayList.indexOf(Ljava/lang/Object;)I @ 1
Event: 41.149 Thread 0x000000001a31b000 Uncommon trap: reason=unstable_if action=reinterpret pc=0x000000000299c7b4 method=java.util.ArrayList.indexOf(Ljava/lang/Object;)I @ 1
Event: 41.487 Thread 0x000000001a31b000 Uncommon trap: reason=unstable_if action=reinterpret pc=0x0000000002f244f8 method=sun.nio.cs.StreamDecoder.implRead([CII)I @ 197
Event: 41.488 Thread 0x000000001a31b000 Uncommon trap: reason=unstable_if action=reinterpret pc=0x0000000002edba08 method=java.io.Reader.read()I @ 12
Event: 41.517 Thread 0x000000001a31b000 Uncommon trap: reason=unstable_if action=reinterpret pc=0x0000000002f0f6d4 method=org.codehaus.plexus.util.xml.pull.MXParser.nextImpl()I @ 241

Classes redefined (0 events):
No events

Internal exceptions (10 events):
Event: 40.335 Thread 0x000000001a31b000 Exception <a 'java/lang/ArrayIndexOutOfBoundsException'> (0x00000000c57c2c30) thrown at [C:\re\workspace\8-2-build-windows-amd64-cygwin\jdk8u181\11358\hotspot\src\share\vm\runtime\sharedRuntime.cpp, line 605]
Event: 40.336 Thread 0x000000001a31b000 Exception <a 'java/lang/ArrayIndexOutOfBoundsException'> (0x00000000c57c3c80) thrown at [C:\re\workspace\8-2-build-windows-amd64-cygwin\jdk8u181\11358\hotspot\src\share\vm\runtime\sharedRuntime.cpp, line 605]
Event: 40.337 Thread 0x000000001a31b000 Exception <a 'java/lang/ArrayIndexOutOfBoundsException'> (0x00000000c57c5688) thrown at [C:\re\workspace\8-2-build-windows-amd64-cygwin\jdk8u181\11358\hotspot\src\share\vm\runtime\sharedRuntime.cpp, line 605]
Event: 40.337 Thread 0x000000001a31b000 Exception <a 'java/lang/ArrayIndexOutOfBoundsException'> (0x00000000c57c6610) thrown at [C:\re\workspace\8-2-build-windows-amd64-cygwin\jdk8u181\11358\hotspot\src\share\vm\runtime\sharedRuntime.cpp, line 605]
Event: 40.338 Thread 0x000000001a31b000 Exception <a 'java/lang/ArrayIndexOutOfBoundsException'> (0x00000000c57c83f8) thrown at [C:\re\workspace\8-2-build-windows-amd64-cygwin\jdk8u181\11358\hotspot\src\share\vm\runtime\sharedRuntime.cpp, line 605]
Event: 40.343 Thread 0x000000001a31b000 Exception <a 'java/lang/ArrayIndexOutOfBoundsException'> (0x00000000c57caa38) thrown at [C:\re\workspace\8-2-build-windows-amd64-cygwin\jdk8u181\11358\hotspot\src\share\vm\runtime\sharedRuntime.cpp, line 605]
Event: 40.344 Thread 0x000000001a31b000 Exception <a 'java/lang/ArrayIndexOutOfBoundsException': 71> (0x00000000c57cc178) thrown at [C:\re\workspace\8-2-build-windows-amd64-cygwin\jdk8u181\11358\hotspot\src\share\vm\interpreter\interpreterRuntime.cpp, line 366]
Event: 40.347 Thread 0x000000001a31b000 Exception <a 'java/lang/ArrayIndexOutOfBoundsException': 100> (0x00000000c57cddf0) thrown at [C:\re\workspace\8-2-build-windows-amd64-cygwin\jdk8u181\11358\hotspot\src\share\vm\interpreter\interpreterRuntime.cpp, line 366]
Event: 40.348 Thread 0x000000001a31b000 Exception <a 'java/lang/ArrayIndexOutOfBoundsException': 86> (0x00000000c57cf628) thrown at [C:\re\workspace\8-2-build-windows-amd64-cygwin\jdk8u181\11358\hotspot\src\share\vm\interpreter\interpreterRuntime.cpp, line 366]
Event: 40.349 Thread 0x000000001a31b000 Exception <a 'java/lang/ArrayIndexOutOfBoundsException': 24> (0x00000000c57d0510) thrown at [C:\re\workspace\8-2-build-windows-amd64-cygwin\jdk8u181\11358\hotspot\src\share\vm\interpreter\interpreterRuntime.cpp, line 366]

Events (10 events):
Event: 41.487 Thread 0x000000001a31b000 Uncommon trap: trap_request=0xffffff65 fr.pc=0x0000000002f244f8
Event: 41.487 Thread 0x000000001a31b000 DEOPT PACKING pc=0x0000000002f244f8 sp=0x000000001b24a770
Event: 41.487 Thread 0x000000001a31b000 DEOPT UNPACKING pc=0x00000000028d583b sp=0x000000001b24a5c8 mode 2
Event: 41.488 Thread 0x000000001a31b000 Uncommon trap: trap_request=0xffffff65 fr.pc=0x0000000002edba08
Event: 41.488 Thread 0x000000001a31b000 DEOPT PACKING pc=0x0000000002edba08 sp=0x000000001b24a880
Event: 41.488 Thread 0x000000001a31b000 DEOPT UNPACKING pc=0x00000000028d583b sp=0x000000001b24a798 mode 2
Event: 41.517 Thread 0x000000001a31b000 Uncommon trap: trap_request=0xffffff65 fr.pc=0x0000000002f0f6d4
Event: 41.517 Thread 0x000000001a31b000 DEOPT PACKING pc=0x0000000002f0f6d4 sp=0x000000001b24ac90
Event: 41.517 Thread 0x000000001a31b000 DEOPT UNPACKING pc=0x00000000028d583b sp=0x000000001b24ac10 mode 2
Event: 41.518 Executing VM operation: CollectForMetadataAllocation


Dynamic libraries:
0x00007ff76b1e0000 - 0x00007ff76b217000 	C:\Program Files\Java\jdk1.8.0_181\bin\java.exe
0x00007ffaac760000 - 0x00007ffaac941000 	C:\Windows\SYSTEM32\ntdll.dll
0x00007ffa9dff0000 - 0x00007ffa9e002000 	C:\Program Files\AVAST Software\Avast\aswhook.dll
0x00007ffaab930000 - 0x00007ffaab9e1000 	C:\Windows\System32\KERNEL32.DLL
0x00007ffaa9760000 - 0x00007ffaa99d3000 	C:\Windows\System32\KERNELBASE.dll
0x00007ffaab9f0000 - 0x00007ffaaba91000 	C:\Windows\System32\ADVAPI32.dll
0x00007ffaab6b0000 - 0x00007ffaab74e000 	C:\Windows\System32\msvcrt.dll
0x00007ffaac6d0000 - 0x00007ffaac72b000 	C:\Windows\System32\sechost.dll
0x00007ffaac5a0000 - 0x00007ffaac6c4000 	C:\Windows\System32\RPCRT4.dll
0x00007ffaabdd0000 - 0x00007ffaabf60000 	C:\Windows\System32\USER32.dll
0x00007ffaa9a80000 - 0x00007ffaa9aa0000 	C:\Windows\System32\win32u.dll
0x00007ffaac4b0000 - 0x00007ffaac4d8000 	C:\Windows\System32\GDI32.dll
0x00007ffaa9240000 - 0x00007ffaa93d1000 	C:\Windows\System32\gdi32full.dll
0x00007ffaa99e0000 - 0x00007ffaa9a7f000 	C:\Windows\System32\msvcp_win.dll
0x00007ffaa9af0000 - 0x00007ffaa9be8000 	C:\Windows\System32\ucrtbase.dll
0x00007ffa9a6d0000 - 0x00007ffa9a939000 	C:\Windows\WinSxS\amd64_microsoft.windows.common-controls_6595b64144ccf1df_6.0.17134.950_none_fb3da4273069d3e0\COMCTL32.dll
0x00007ffaabaa0000 - 0x00007ffaabdc2000 	C:\Windows\System32\combase.dll
0x00007ffaa96e0000 - 0x00007ffaa9759000 	C:\Windows\System32\bcryptPrimitives.dll
0x00007ffaa9ca0000 - 0x00007ffaa9ccd000 	C:\Windows\System32\IMM32.DLL
0x00000000516b0000 - 0x0000000051782000 	C:\Program Files\Java\jdk1.8.0_181\jre\bin\msvcr100.dll
0x0000000051a90000 - 0x0000000052332000 	C:\Program Files\Java\jdk1.8.0_181\jre\bin\server\jvm.dll
0x00007ffaa9cd0000 - 0x00007ffaa9cd8000 	C:\Windows\System32\PSAPI.DLL
0x00007ffa9ce50000 - 0x00007ffa9ce59000 	C:\Windows\SYSTEM32\WSOCK32.dll
0x00007ffaab640000 - 0x00007ffaab6ac000 	C:\Windows\System32\WS2_32.dll
0x00007ffaa6cf0000 - 0x00007ffaa6d13000 	C:\Windows\SYSTEM32\WINMM.dll
0x00007ffa9c3b0000 - 0x00007ffa9c3ba000 	C:\Windows\SYSTEM32\VERSION.dll
0x00007ffaa6cc0000 - 0x00007ffaa6cea000 	C:\Windows\SYSTEM32\WINMMBASE.dll
0x00007ffaa9aa0000 - 0x00007ffaa9ae9000 	C:\Windows\System32\cfgmgr32.dll
0x00000000519a0000 - 0x00000000519af000 	C:\Program Files\Java\jdk1.8.0_181\jre\bin\verify.dll
0x0000000051970000 - 0x0000000051999000 	C:\Program Files\Java\jdk1.8.0_181\jre\bin\java.dll
0x0000000051950000 - 0x0000000051966000 	C:\Program Files\Java\jdk1.8.0_181\jre\bin\zip.dll
0x00007ffaa9db0000 - 0x00007ffaab1f0000 	C:\Windows\System32\SHELL32.dll
0x00007ffaa9bf0000 - 0x00007ffaa9c99000 	C:\Windows\System32\shcore.dll
0x00007ffaa8b30000 - 0x00007ffaa923d000 	C:\Windows\System32\windows.storage.dll
0x00007ffaac120000 - 0x00007ffaac171000 	C:\Windows\System32\shlwapi.dll
0x00007ffaa8ab0000 - 0x00007ffaa8ac1000 	C:\Windows\System32\kernel.appcore.dll
0x00007ffaa8a70000 - 0x00007ffaa8a8f000 	C:\Windows\System32\profapi.dll
0x00007ffaa8ae0000 - 0x00007ffaa8b2c000 	C:\Windows\System32\powrprof.dll
0x00007ffaa8ad0000 - 0x00007ffaa8ada000 	C:\Windows\System32\FLTLIB.DLL
0x00007ffaa8440000 - 0x00007ffaa8457000 	C:\Windows\SYSTEM32\CRYPTSP.dll
0x00007ffaa7e40000 - 0x00007ffaa7e73000 	C:\Windows\system32\rsaenh.dll
0x00007ffaa8570000 - 0x00007ffaa8595000 	C:\Windows\SYSTEM32\bcrypt.dll
0x00007ffaa8970000 - 0x00007ffaa8998000 	C:\Windows\SYSTEM32\USERENV.dll
0x00007ffaa8460000 - 0x00007ffaa846b000 	C:\Windows\SYSTEM32\CRYPTBASE.dll
0x0000000051930000 - 0x000000005194a000 	C:\Program Files\Java\jdk1.8.0_181\jre\bin\net.dll
0x00007ffaa8290000 - 0x00007ffaa82f6000 	C:\Windows\system32\mswsock.dll
0x00007ffaa7fe0000 - 0x00007ffaa8018000 	C:\Windows\SYSTEM32\IPHLPAPI.DLL
0x00007ffaac4a0000 - 0x00007ffaac4a8000 	C:\Windows\System32\NSI.dll
0x00007ffaa19a0000 - 0x00007ffaa19b6000 	C:\Windows\SYSTEM32\dhcpcsvc6.DLL
0x00007ffaa17a0000 - 0x00007ffaa17ba000 	C:\Windows\SYSTEM32\dhcpcsvc.DLL
0x0000000051910000 - 0x0000000051921000 	C:\Program Files\Java\jdk1.8.0_181\jre\bin\nio.dll
0x00007ffaa0840000 - 0x00007ffaa0869000 	C:\Users\Ana\.vscode\extensions\redhat.java-0.40.0\server\config_win\org.eclipse.equinox.launcher\org.eclipse.equinox.launcher.win32.win32.x86_64_1.1.1000.v20190125-2016\eclipse_1801.dll
0x00007ffa9afd0000 - 0x00007ffa9b199000 	C:\Windows\SYSTEM32\dbghelp.dll

VM Arguments:
jvm_args: -Declipse.application=org.eclipse.jdt.ls.core.id1 -Dosgi.bundles.defaultStartLevel=4 -Declipse.product=org.eclipse.jdt.ls.core.product -Dfile.encoding=utf8 -Xverify:none -Xmx1G -XX:+UseG1GC -XX:+UseStringDeduplication 
java_command: C:\Users\Ana\.vscode\extensions\redhat.java-0.40.0\server\plugins\org.eclipse.equinox.launcher_1.5.200.v20180922-1751.jar -configuration C:\Users\Ana\.vscode\extensions\redhat.java-0.40.0\server\config_win -data c:\Users\Ana\AppData\Roaming\Code\User\workspaceStorage\3b1a844c6f14ae71a31898a9b212b1e7\redhat.java\jdt_ws
java_class_path (initial): C:\Users\Ana\.vscode\extensions\redhat.java-0.40.0\server\plugins\org.eclipse.equinox.launcher_1.5.200.v20180922-1751.jar
Launcher Type: SUN_STANDARD

Environment Variables:
JAVA_HOME=C:\Program Files\Java\jdk1.8.0_181
PATH=C:\Python27\;C:\Python27\Scripts;C:\ProgramData\DockerDesktop\version-bin;C:\Program Files\Docker\Docker\Resources\bin;C:\Program Files (x86)\Common Files\Oracle\Java\javapath;C:\Windows\system32;C:\Windows;C:\Windows\System32\Wbem;C:\Windows\System32\WindowsPowerShell\v1.0\;C:\Windows\System32\OpenSSH\;%JAVA_HOME$;C:\Program Files\nodejs\;C:\Program Files\Microsoft VS Code\bin;C:\Program Files\Genymobile\Genymotion\tools;C:\Users\Ana\AppData\Local\Microsoft\WindowsApps;C:\Program Files\Maven\apache-maven-3.5.4\bin;C:\Users\Ana\AppData\Roaming\npm;C:\Program Files\heroku\bin
USERNAME=Ana
OS=Windows_NT
PROCESSOR_IDENTIFIER=Intel64 Family 6 Model 42 Stepping 7, GenuineIntel



---------------  S Y S T E M  ---------------

OS: Windows 10.0 , 64 bit Build 17134 (10.0.17134.753)

CPU:total 4 (initial active 4) (2 cores per cpu, 2 threads per core) family 6 model 42 stepping 7, cmov, cx8, fxsr, mmx, sse, sse2, sse3, ssse3, sse4.1, sse4.2, popcnt, avx, clmul, ht, tsc, tscinvbit

Memory: 4k page, physical 8335212k(4160332k free), swap 14364524k(8655804k free)

vm_info: Java HotSpot(TM) 64-Bit Server VM (25.181-b13) for windows-amd64 JRE (1.8.0_181-b13), built on Jul  7 2018 04:01:33 by "java_re" with MS VC++ 10.0 (VS2010)

time: Fri Aug 30 08:18:35 2019
elapsed time: 41 seconds (0d 0h 0m 41s)

